<?xml version="1.0" encoding="UTF-8" ?>
<testsuite tests="17" failures="0" name="cucumber_options.TestRunner" time="24.308" errors="0" skipped="0">
  <properties>
    <property name="java.runtime.name" value="Java(TM) SE Runtime Environment"/>
    <property name="java.vm.version" value="17.0.2+8-LTS-86"/>
    <property name="sun.boot.library.path" value="C:\Program Files\Java\jdk-17.0.2\bin"/>
    <property name="maven.multiModuleProjectDirectory" value="C:\Users\Mohammed.Rahman\Documents\Java Automation Group Work"/>
    <property name="java.vm.vendor" value="Oracle Corporation"/>
    <property name="java.vendor.url" value="https://java.oracle.com/"/>
    <property name="guice.disable.misplaced.annotation.check" value="true"/>
    <property name="path.separator" value=";"/>
    <property name="java.vm.name" value="Java HotSpot(TM) 64-Bit Server VM"/>
    <property name="sun.os.patch.level" value=""/>
    <property name="user.script" value=""/>
    <property name="user.country" value="GB"/>
    <property name="sun.java.launcher" value="SUN_STANDARD"/>
    <property name="java.vm.specification.name" value="Java Virtual Machine Specification"/>
    <property name="user.dir" value="C:\Users\Mohammed.Rahman\Documents\Java Automation Group Work"/>
    <property name="java.vm.compressedOopsMode" value="Zero based"/>
    <property name="java.runtime.version" value="17.0.2+8-LTS-86"/>
    <property name="os.arch" value="amd64"/>
    <property name="java.io.tmpdir" value="C:\Users\MOHAMM~1.RAH\AppData\Local\Temp\"/>
    <property name="line.separator" value="
"/>
    <property name="java.vm.specification.vendor" value="Oracle Corporation"/>
    <property name="user.variant" value=""/>
    <property name="os.name" value="Windows 10"/>
    <property name="classworlds.conf" value="C:\Users\Mohammed.Rahman\Documents\apache-maven-3.8.4\bin\m2.conf"/>
    <property name="sun.jnu.encoding" value="Cp1252"/>
    <property name="java.library.path" value="C:\Program Files\Java\jdk-17.0.2\bin;C:\Windows\Sun\Java\bin;C:\Windows\system32;C:\Windows;C:\Program Files\Common Files\Oracle\Java\javapath;C:\Program Files (x86)\Common Files\Oracle\Java\javapath;C:\Windows\system32;C:\Windows;C:\Windows\System32\Wbem;C:\Windows\System32\WindowsPowerShell\v1.0\;C:\Windows\System32\OpenSSH\;C:\Users\Mohammed.Rahman\Documents\apache-maven-3.8.4\bin;C:\Users\Mohammed.Rahman\AppData\Local\Microsoft\WindowsApps;C:\Users\Mohammed.Rahman\AppData\Local\Programs\Git\cmd;C:\Users\Mohammed.Rahman\AppData\Local\Programs\Fiddler;."/>
    <property name="maven.conf" value="C:\Users\Mohammed.Rahman\Documents\apache-maven-3.8.4/conf"/>
    <property name="jdk.debug" value="release"/>
    <property name="java.class.version" value="61.0"/>
    <property name="java.specification.name" value="Java Platform API Specification"/>
    <property name="sun.management.compiler" value="HotSpot 64-Bit Tiered Compilers"/>
    <property name="os.version" value="10.0"/>
    <property name="library.jansi.path" value="C:\Users\Mohammed.Rahman\Documents\apache-maven-3.8.4\lib\jansi-native"/>
    <property name="user.home" value="C:\Users\Mohammed.Rahman"/>
    <property name="user.timezone" value="Europe/London"/>
    <property name="file.encoding" value="Cp1252"/>
    <property name="java.specification.version" value="17"/>
    <property name="user.name" value="Mohammed.Rahman"/>
    <property name="java.class.path" value="C:\Users\Mohammed.Rahman\Documents\apache-maven-3.8.4\boot\plexus-classworlds-2.6.0.jar"/>
    <property name="java.vm.specification.version" value="17"/>
    <property name="sun.arch.data.model" value="64"/>
    <property name="sun.java.command" value="org.codehaus.plexus.classworlds.launcher.Launcher clean test"/>
    <property name="java.home" value="C:\Program Files\Java\jdk-17.0.2"/>
    <property name="user.language" value="en"/>
    <property name="java.specification.vendor" value="Oracle Corporation"/>
    <property name="java.vm.info" value="mixed mode, sharing"/>
    <property name="java.version" value="17.0.2"/>
    <property name="native.encoding" value="Cp1252"/>
    <property name="java.vendor" value="Oracle Corporation"/>
    <property name="sun.stderr.encoding" value="cp437"/>
    <property name="maven.home" value="C:\Users\Mohammed.Rahman\Documents\apache-maven-3.8.4"/>
    <property name="file.separator" value="\"/>
    <property name="java.version.date" value="2022-01-18"/>
    <property name="java.vendor.url.bug" value="https://bugreport.java.com/bugreport/"/>
    <property name="sun.io.unicode.encoding" value="UnicodeLittle"/>
    <property name="sun.cpu.endian" value="little"/>
    <property name="sun.stdout.encoding" value="cp437"/>
    <property name="sun.cpu.isalist" value="amd64"/>
  </properties>
  <testcase classname="A user is able to send a get request to an API and validate the response" name="A user gets a single object back in a response" time="1.873"/>
  <testcase classname="A user is able to send a get request to an API and validate the response" name="A user gets multiple objects from the request" time="0.184"/>
  <testcase classname="A user is able to send a post request and validate the response" name="A user successfully posts an entry" time="1.26"/>
  <testcase classname="A user is able to send a put request and validate the response" name="A user successfully updates an entry" time="2.445"/>
  <testcase classname="A user is able to send a delete request and validate the response" name="A user successfully deletes an entry" time="2.39"/>
  <testcase classname="Measure the response time of API requests" name="I compare the time taken for a GET and POST request response" time="2.715"/>
  <testcase classname="Serialise JSON as a POJO" name="Successfully serialise JSON as a POJO" time="1.547"/>
  <testcase classname="Serialise JSON as a POJO" name="Successfully serialise nested JSON as a POJO" time="0.19"/>
  <testcase classname="Serialise XML as a POJO" name="Successfully serialise XML as a POJO" time="1.408"/>
  <testcase classname="Create JSON from a POJO" name="Successfully create JSON from a POJO" time="0.045"/>
  <testcase classname="Create XML from a POJO" name="Successfully create XML from a POJO" time="0.062"/>
  <testcase classname="Check response against JSON schema" name="Successfully verify response against JSON schema" time="2.029"/>
  <testcase classname="Check response against XML schema" name="Successfully verify response against XML schema" time="1.574"/>
  <testcase classname="Getting headers from a response" name="Successfully get all headers from a response" time="2.127"/>
  <testcase classname="Getting headers from a response" name="Successfully get one header from a response" time="1.155"/>
  <testcase classname="Return a List from a GET response" name="Successfully return a List from a GET response" time="2.064"/>
  <testcase classname="Use a RequestSpecification to pass authorisation check" name="Successfully use a RequestSpecification object to pass authorisation check" time="1.24"/>
</testsuite>